Script started
POST data: {"firstname":"Teak Min Guillaume","lastname":"Oh","email":"tekmin.oh2003@gmail.com","password":"Babkdedko1"}
Script started
POST data: {"firstname":"Teak Min Guillaume","lastname":"Oh","email":"tekmin.oh2003@gmail.com","password":"Babkdedko1"}
Script started
POST data: {"firstname":"Teak Min Guillaume","lastname":"Oh","email":"tekmin.oh2003@gmail.com","password":"Babkdedko1"}
Script started
POST data: {"firstname":"Teak Min Guillaume","lastname":"Oh","email":"tekmin.oh2003@gmail.com","password":"Babkdedko1"}
Script started
POST data: {"firstname":"Teak Min Guillaume","lastname":"Oh","email":"tekmin.oh2003@gmail.com","password":"Babkdedko1"}
Script started
POST data: {"firstname":"Teak Min Guillaume","lastname":"Oh","email":"tekmin.oh2003@gmail.com","password":"Babkdedko1"}
Script started
POST data: {"firstname":"Teak Min Guillaume","lastname":"Oh","email":"tekmin.oh2003@gmail.com","password":"Babkdedko1"}
Script started
POST data: {"firstname":"Teak Min Guillaume","lastname":"Oh","email":"tekmin.oh2003@gmail.com","password":"Babkdedko1"}
Script started
POST data: {"firstname":"Teak Min Guillaume","lastname":"Oh","email":"tekmin.oh2003@gmail.com","password":"Babkdedko1"}
Script started
POST data: {"firstname":"Teak Min Guillaume","lastname":"Oh","email":"tekmin.oh2003@gmail.com","password":"Babkdedko1"}
Script started
POST data: {"firstname":"Teak Min Guillaume","lastname":"Oh","email":"tekmin.oh2003@gmail.com","password":"Babkdedko1"}
Script started
POST data: {"firstname":"Teak Min Guillaume","lastname":"Oh","email":"tekmin.oh2003@gmail.com","password":"Babkdedko1"}
Script started
POST data: {"firstname":"Teak Min Guillaume","lastname":"Oh","email":"tekmin.oh2003@gmail.com","password":"Babkdedko1"}
Script started
POST data: {"firstname":"Teak Min Guillaume","lastname":"Oh","email":"tekmin.oh2003@gmail.com","password":"Babkdedko1"}
Script started
POST data: {"firstname":"Teak Min Guillaume","lastname":"Oh","email":"tekmin.oh2003@gmail.com","password":"Babkdedko1"}
Script started
POST data: {"firstname":"Teak Min Guillaume","lastname":"Oh","email":"tekmin.oh2003@gmail.com","password":"Babkdedko1"}
Script started
POST data: {"firstname":"Teak Min Guillaume","lastname":"Oh","email":"tekmin.oh2003@gmail.com","password":"Babkdedko1"}
Script started
POST data: {"firstname":"Teak Min Guillaume","lastname":"Oh","email":"tekmin.oh2003@gmail.com","password":"Babkdedko1"}
Script started
POST data: {"firstname":"Teak Min Guillaume","lastname":"Oh","email":"tekmin.oh2003@gmail.com","password":"Babkdedko1"}
Script started
POST data: {"firstname":"Teak Min Guillaume","lastname":"Oh","email":"tekmin.oh2003@gmail.com","password":"Babkdedko1"}
Script started
POST data: {"firstname":"Teak Min Guillaume","lastname":"Oh","email":"tekmin.oh2003@gmail.com","password":"jkjgggfhf564584651"}
PDO not initialized
POST data: {"firstname":"Teak Min Guillaume","lastname":"Oh","email":"tekmin.oh2003@gmail.com","password":"sadasd21312"}
POST data: {"firstname":"Teak Min Guillaume","lastname":"Oh","email":"tekmin.oh2003@gmail.com","password":"sadasd21312"}
POST data: {"firstname":"Teak Min Guillaume","lastname":"Oh","email":"tekmin.oh2003@gmail.com","password":"Babkadedko1"}
POST data: {"firstname":"Teak Min Guillaume","lastname":"Oh","email":"tekmin.oh2003@gmail.com","password":"Babkadedko1"}
POST data: {"firstname":"Teak Min Guillaume","lastname":"Oh","email":"tekmin.oh2003@gmail.com","password":"Babkadedko1"}
POST data: {"email":"tekmin.oh2003@gmail.com","password":"Babkadedko1","2fa":"683434"}
POST data: {"email":"tekmin.oh2003@gmail.com","password":"Babkadedko1","2fa":"224217"}
POST data: {"email":"tekmin.oh2003@gmail.com","password":"Babkadedko1","2fa":"adsa"}
POST data: {"email":"tekmin.oh2003@gmail.com","password":"Babkadedko1","2fa":"649901"}
POST data: {"email":"tekmin.oh2003@gmail.com","password":"Babkadedko1","2fa":"645901"}
POST data: {"email":"tekmin.oh2003@gmail.com","password":"Babkadedko1","2fa":"564576"}
POST data: {"email":"tekmin.oh2003@gmail.com","password":"Babkadedko1","2fa":"769894"}
POST data: {"email":"tekmin.oh2003@gmail.com","password":"Babkadedko1","2fa":"187100"}
POST data: {"firstname":"John","lastname":"Doe","email":"teakminguillaumeoh@gmail.com","password":"Babkadedko1"}
